<?xml version="1.0" encoding="UTF-8"?>
<!-- Generated by org.testng.reporters.JUnitXMLReporter -->
<testsuite ignored="0" hostname="Windows11" failures="0" tests="3" name="Default test" time="6.861" errors="0" timestamp="2022-02-20T18:28:29 EST">
  <testcase classname="com.SalesForceLogintests.NegativeLoginTest" name="userNameButton" time="0.096"/>
  <testcase classname="com.SalesForceLogintests.NegativeLoginTest" name="passwordButton" time="0.048"/>
  <testcase classname="com.SalesForceLogintests.NegativeLoginTest" name="signiButton" time="0.093"/>
</testsuite> <!-- Default test -->
