<?xml version="1.0" encoding="UTF-8"?>
<testng-results ignored="0" total="1" passed="1" failed="0" skipped="0">
  <reporter-output>
  </reporter-output>
  <suite started-at="2022-02-17T19:17:37 EST" name="com.SalesForce.TestOne" finished-at="2022-02-17T19:17:37 EST" duration-ms="41">
    <groups>
    </groups>
    <test started-at="2022-02-17T19:17:37 EST" name="Command line test" finished-at="2022-02-17T19:17:37 EST" duration-ms="41">
      <class name="com.SalesForce.TestOne">
        <test-method signature="loginTest()[pri:0, instance:com.SalesForce.TestOne@2a798d51]" started-at="2022-02-17T19:17:37 EST" name="loginTest" finished-at="2022-02-17T19:17:37 EST" duration-ms="6" status="PASS">
          <reporter-output>
          </reporter-output>
        </test-method> <!-- loginTest -->
      </class> <!-- com.SalesForce.TestOne -->
    </test> <!-- Command line test -->
  </suite> <!-- com.SalesForce.TestOne -->
</testng-results>
