<?xml version="1.0" encoding="UTF-8"?>
<testng-results ignored="0" total="3" passed="3" failed="0" skipped="0">
  <reporter-output>
  </reporter-output>
  <suite started-at="2022-02-20T18:28:22 EST" name="Default suite" finished-at="2022-02-20T18:28:29 EST" duration-ms="6861">
    <groups>
    </groups>
    <test started-at="2022-02-20T18:28:22 EST" name="Default test" finished-at="2022-02-20T18:28:29 EST" duration-ms="6861">
      <class name="com.SalesForceLogintests.NegativeLoginTest">
        <test-method is-config="true" signature="openApp()[pri:0, instance:com.SalesForceLogintests.NegativeLoginTest@4e7912d8]" started-at="2022-02-20T18:28:22 EST" name="openApp" finished-at="2022-02-20T18:28:25 EST" duration-ms="2454" status="PASS">
          <reporter-output>
          </reporter-output>
        </test-method> <!-- openApp -->
        <test-method signature="userNameButton()[pri:0, instance:com.SalesForceLogintests.NegativeLoginTest@4e7912d8]" started-at="2022-02-20T18:28:25 EST" name="userNameButton" finished-at="2022-02-20T18:28:25 EST" duration-ms="96" status="PASS">
          <reporter-output>
          </reporter-output>
        </test-method> <!-- userNameButton -->
        <test-method is-config="true" signature="openApp()[pri:0, instance:com.SalesForceLogintests.NegativeLoginTest@4e7912d8]" started-at="2022-02-20T18:28:25 EST" name="openApp" finished-at="2022-02-20T18:28:25 EST" duration-ms="0" status="PASS">
          <reporter-output>
          </reporter-output>
        </test-method> <!-- openApp -->
        <test-method signature="passwordButton()[pri:1, instance:com.SalesForceLogintests.NegativeLoginTest@4e7912d8]" started-at="2022-02-20T18:28:25 EST" name="passwordButton" finished-at="2022-02-20T18:28:25 EST" duration-ms="48" status="PASS">
          <reporter-output>
          </reporter-output>
        </test-method> <!-- passwordButton -->
        <test-method signature="signiButton()[pri:2, instance:com.SalesForceLogintests.NegativeLoginTest@4e7912d8]" started-at="2022-02-20T18:28:25 EST" name="signiButton" finished-at="2022-02-20T18:28:25 EST" duration-ms="93" status="PASS">
          <reporter-output>
          </reporter-output>
        </test-method> <!-- signiButton -->
        <test-method is-config="true" signature="openApp()[pri:0, instance:com.SalesForceLogintests.NegativeLoginTest@4e7912d8]" started-at="2022-02-20T18:28:25 EST" name="openApp" finished-at="2022-02-20T18:28:25 EST" duration-ms="0" status="PASS">
          <reporter-output>
          </reporter-output>
        </test-method> <!-- openApp -->
        <test-method is-config="true" signature="teardownTest()[pri:0, instance:com.SalesForceLogintests.NegativeLoginTest@4e7912d8]" started-at="2022-02-20T18:28:25 EST" name="teardownTest" finished-at="2022-02-20T18:28:29 EST" duration-ms="4135" status="PASS">
          <reporter-output>
          </reporter-output>
        </test-method> <!-- teardownTest -->
      </class> <!-- com.SalesForceLogintests.NegativeLoginTest -->
    </test> <!-- Default test -->
  </suite> <!-- Default suite -->
</testng-results>
