<?xml version="1.0" encoding="UTF-8"?>
<testng-results ignored="0" total="1" passed="1" failed="0" skipped="0">
  <reporter-output>
  </reporter-output>
  <suite started-at="2022-02-21T15:23:39 EST" name="Default suite" finished-at="2022-02-21T15:23:39 EST" duration-ms="42">
    <groups>
    </groups>
    <test started-at="2022-02-21T15:23:39 EST" name="Default test" finished-at="2022-02-21T15:23:39 EST" duration-ms="42">
      <class name="com.SalesForce.TestOne">
        <test-method signature="loginTest()[pri:0, instance:com.SalesForce.TestOne@4cc8eb05]" started-at="2022-02-21T15:23:39 EST" name="loginTest" finished-at="2022-02-21T15:23:39 EST" duration-ms="9" status="PASS">
          <reporter-output>
          </reporter-output>
        </test-method> <!-- loginTest -->
      </class> <!-- com.SalesForce.TestOne -->
    </test> <!-- Default test -->
  </suite> <!-- Default suite -->
</testng-results>
